<?xml version="1.0" encoding="UTF-8"?>
<!-- Generated by org.testng.reporters.JUnitXMLReporter -->
<testsuite ignored="4" hostname="LAPTOP-IKVQ7UU8" failures="0" tests="1" name="Default test" time="7.279" errors="0" timestamp="2023-12-27T15:08:51 IST">
  <testcase classname="com.qa.opencart.tests.AccountsPageTest" name="searchTest" time="1.676"/>
  <testcase classname="com.qa.opencart.tests.AccountsPageTest" name="accountPageTitleTest" time="0.0">
    <ignored/>
  </testcase> <!-- accountPageTitleTest -->
  <testcase classname="com.qa.opencart.tests.AccountsPageTest" name="accPageHeadertest" time="0.0">
    <ignored/>
  </testcase> <!-- accPageHeadertest -->
  <testcase classname="com.qa.opencart.tests.AccountsPageTest" name="isLogoutLinkExistTest" time="0.0">
    <ignored/>
  </testcase> <!-- isLogoutLinkExistTest -->
  <testcase classname="com.qa.opencart.tests.AccountsPageTest" name="isSearchLinkExistTest" time="0.0">
    <ignored/>
  </testcase> <!-- isSearchLinkExistTest -->
</testsuite> <!-- Default test -->
