<?xml version="1.0" encoding="UTF-8"?>
<testng-results ignored="4" total="5" passed="1" failed="0" skipped="0">
  <reporter-output>
  </reporter-output>
  <suite started-at="2023-12-27T15:08:43 IST" name="Default suite" finished-at="2023-12-27T15:08:50 IST" duration-ms="7279">
    <groups>
    </groups>
    <test started-at="2023-12-27T15:08:43 IST" name="Default test" finished-at="2023-12-27T15:08:50 IST" duration-ms="7279">
      <class name="com.qa.opencart.tests.AccountsPageTest">
        <test-method is-config="true" signature="setup()[pri:0, instance:com.qa.opencart.tests.AccountsPageTest@1649b0e6]" started-at="2023-12-27T15:08:43 IST" name="setup" finished-at="2023-12-27T15:08:48 IST" duration-ms="4565" status="PASS">
          <reporter-output>
          </reporter-output>
        </test-method> <!-- setup -->
        <test-method is-config="true" signature="accSetUp()[pri:0, instance:com.qa.opencart.tests.AccountsPageTest@1649b0e6]" started-at="2023-12-27T15:08:48 IST" name="accSetUp" finished-at="2023-12-27T15:08:49 IST" duration-ms="902" status="PASS">
          <reporter-output>
          </reporter-output>
        </test-method> <!-- accSetUp -->
        <test-method signature="searchTest()[pri:0, instance:com.qa.opencart.tests.AccountsPageTest@1649b0e6]" started-at="2023-12-27T15:08:49 IST" name="searchTest" finished-at="2023-12-27T15:08:50 IST" duration-ms="1676" status="PASS">
          <reporter-output>
          </reporter-output>
        </test-method> <!-- searchTest -->
        <test-method is-config="true" signature="tearDown()[pri:0, instance:com.qa.opencart.tests.AccountsPageTest@1649b0e6]" started-at="2023-12-27T15:08:50 IST" name="tearDown" finished-at="2023-12-27T15:08:50 IST" duration-ms="112" status="PASS">
          <reporter-output>
          </reporter-output>
        </test-method> <!-- tearDown -->
      </class> <!-- com.qa.opencart.tests.AccountsPageTest -->
    </test> <!-- Default test -->
  </suite> <!-- Default suite -->
</testng-results>
